<?xml version="1.0" encoding="UTF-8"?>
<!-- Generated by org.testng.reporters.JUnitXMLReporter -->
<testsuite ignored="0" hostname="BIT-Nagulmeera01" failures="0" tests="5" name="testing2" time="0.091" errors="0" timestamp="2026-07-24T08:40:27 IST">
  <testcase classname="testcases.Testcase2" name="f1" time="0.013"/>
  <testcase classname="testcases.Testcase2" name="f1" time="0.002"/>
  <testcase classname="testcases.Testcase2" name="f2" time="0.001"/>
  <testcase classname="testcases.Testcase2" name="f3" time="0.004"/>
  <testcase classname="testcases.Testcase2" name="f4" time="0.002"/>
</testsuite> <!-- testing2 -->
