<?xml version="1.0" encoding="UTF-8"?>
<!-- Generated by org.testng.reporters.JUnitXMLReporter -->
<testsuite ignored="0" hostname="BIT-Nagulmeera01" failures="1" tests="9" name="testing" time="0.134" errors="0" timestamp="2026-07-25T13:16:29 IST">
  <testcase classname="testcases.Testcase2" name="f1" time="0.018"/>
  <testcase classname="testcases.Testcase2" name="f1" time="0.002"/>
  <testcase classname="testcases.Testcase3" name="test1" time="0.031">
    <skipped/>
  </testcase> <!-- test1 -->
  <testcase classname="testcases.Testcase2" name="f2" time="0.003"/>
  <testcase classname="testcases.Testcase3" name="test1" time="0.004">
    <skipped/>
  </testcase> <!-- test1 -->
  <testcase classname="testcases.Testcase3" name="test2" time="0.003"/>
  <testcase classname="testcases.Testcase3" name="test1" time="0.005">
    <failure type="java.lang.AssertionError" message="expected [true] but found [false]">
      <![CDATA[java.lang.AssertionError: expected [true] but found [false]
at testcases.Testcase3.test1(Testcase3.java:12)
at java.base/java.util.concurrent.Executors$RunnableAdapter.call(Executors.java:572)
at java.base/java.util.concurrent.FutureTask.run(FutureTask.java:317)
at java.base/java.util.concurrent.ThreadPoolExecutor.runWorker(ThreadPoolExecutor.java:1144)
at java.base/java.util.concurrent.ThreadPoolExecutor$Worker.run(ThreadPoolExecutor.java:642)
at java.base/java.lang.Thread.run(Thread.java:1583)
... Removed 15 stack frames]]>
    </failure>
  </testcase> <!-- test1 -->
  <testcase classname="testcases.Testcase2" name="f3" time="0.002"/>
  <testcase classname="testcases.Testcase2" name="f4" time="0.001"/>
</testsuite> <!-- testing -->
