<?xml version="1.0" encoding="UTF-8"?>
<!-- Generated by org.testng.reporters.JUnitXMLReporter -->
<testsuite ignored="0" hostname="BIT-Nagulmeera01" failures="0" tests="4" name="Default test" time="0.075" errors="0" timestamp="2026-07-22T18:17:28 IST">
  <testcase classname="testcases.Testcase2" name="f1" time="0.009"/>
  <testcase classname="testcases.Testcase2" name="f2" time="0.001"/>
  <testcase classname="testcases.Testcase2" name="f3" time="0.001"/>
  <testcase classname="testcases.Testcase2" name="f4" time="0.001"/>
</testsuite> <!-- Default test -->
