<?xml version="1.0" encoding="UTF-8"?>
<!-- Generated by org.testng.reporters.JUnitReportReporter -->
<testsuite hostname="BIT-Nagulmeera01" failures="0" tests="5" name="testcases.Testcase2" time="0.024" errors="0" timestamp="2026-07-24T08:43:52 IST" skipped="0">
  <testcase classname="testcases.Testcase2" name="f1" time="0.003"/>
  <testcase classname="testcases.Testcase2" name="f1" time="0.015"/>
  <testcase classname="testcases.Testcase2" name="f2" time="0.003"/>
  <testcase classname="testcases.Testcase2" name="f3" time="0.001"/>
  <testcase classname="testcases.Testcase2" name="f4" time="0.002"/>
</testsuite> <!-- testcases.Testcase2 -->
