<?xml version="1.0" encoding="UTF-8"?>
<!-- Generated by org.testng.reporters.JUnitReportReporter -->
<testsuite hostname="BIT-Nagulmeera01" failures="0" tests="3" name="testcases.Ticket_issue_retail" time="43.777" errors="0" timestamp="2026-08-01T15:30:36 IST" skipped="0">
  <testcase classname="testcases.Ticket_issue_retail" name="test" time="7.286"/>
  <testcase classname="testcases.Ticket_issue_retail" name="test" time="25.304"/>
  <testcase classname="testcases.Ticket_issue_retail" name="test" time="11.187"/>
</testsuite> <!-- testcases.Ticket_issue_retail -->
