<?xml version="1.0" encoding="UTF-8"?>
<!-- Generated by org.testng.reporters.JUnitXMLReporter -->
<testsuite ignored="0" hostname="BIT-Nagulmeera01" failures="0" tests="3" name="Test" time="48.041" errors="0" timestamp="2026-07-22T16:02:14 IST">
  <testcase classname="testcases.Ticket_issue_retail" name="test" time="13.04"/>
  <testcase classname="testcases.Ticket_issue_retail" name="test" time="11.048"/>
  <testcase classname="testcases.Ticket_issue_retail" name="test" time="20.257"/>
</testsuite> <!-- Test -->
