<?xml version="1.0" encoding="UTF-8"?>
<!-- Generated by org.testng.reporters.JUnitXMLReporter -->
<testsuite ignored="0" hostname="BIT-Nagulmeera01" failures="0" tests="3" name="Test" time="49.547" errors="0" timestamp="2026-08-01T15:30:35 IST">
  <testcase classname="testcases.Ticket_issue_retail" name="test" time="25.232"/>
  <testcase classname="testcases.Ticket_issue_retail" name="test" time="11.119"/>
  <testcase classname="testcases.Ticket_issue_retail" name="test" time="6.924"/>
</testsuite> <!-- Test -->
